<?xml version="1.0" encoding="UTF-8"?>
<testng-results skipped="0" failed="0" total="1" passed="1">
  <reporter-output>
  </reporter-output>
  <suite name="Default suite" duration-ms="28206" started-at="2011-11-24T16:35:09Z" finished-at="2011-11-24T16:35:37Z">
    <groups>
    </groups>
    <test name="Default test" duration-ms="28206" started-at="2011-11-24T16:35:09Z" finished-at="2011-11-24T16:35:37Z">
      <class name="testCases.front.FrontLogin58">
        <test-method status="PASS" signature="beforeClass()[pri:0, instance:testCases.front.FrontLogin58@16b13c7]" name="beforeClass" is-config="true" duration-ms="5151" started-at="2011-11-24T16:35:09Z" finished-at="2011-11-24T16:35:14Z">
        </test-method>
        <test-method status="PASS" signature="indexLogin()[pri:0, instance:testCases.front.FrontLogin58@16b13c7]" name="indexLogin" duration-ms="23040" started-at="2011-11-24T16:35:14Z" finished-at="2011-11-24T16:35:37Z">
        </test-method>
        <test-method status="PASS" signature="afterClass()[pri:0, instance:testCases.front.FrontLogin58@16b13c7]" name="afterClass" is-config="true" duration-ms="0" started-at="2011-11-24T16:35:37Z" finished-at="2011-11-24T16:35:37Z">
        </test-method>
      </class>
    </test>
  </suite>
</testng-results>
